#@ # 
#@ # Running fm_shell Version V-2023.12 for linux64 -- Nov 16, 2023
#@ # Date:   Sat May 11 14:40:11 2024
#@ # Run by: vlsi@elc-auc-vlsi-28-lnx
#@ 

source /eda/synopsys/fm/V-2023.12/admin/setup/.synopsys_fm.setup
#@ # -- Starting source /eda/synopsys/fm/V-2023.12/admin/setup/.synopsys_fm.setup

#@ #
#@ # .synopsys_fm.setup: Initialization File for Formality
#@ #
#@ 
#@ 
#@ #
#@ # Enable stack trace output on fatal.  Not available for all architectures.
#@ #
#@ if { $sh_arch == "sparc" || $sh_arch == "sparcOS5" || \
#@      $sh_arch == "hp700" || $sh_arch == "hpux10" } {
#@   set_unix_variable SYNOPSYS_TRACE ""
#@ }
#@ 
#@ #
#@ # Variable settings
#@ #
#@ set sh_new_variable_message true
#@ 
#@ #
#@ # Synopsys strongly recommends that you uncomment the following command
#@ # in order to set sh_command_abbrev_mode to the value "Command-Line-Only".
#@ # Command abbreviation is intended as an interactive convenience.  Using
#@ # abbreviations in scripts can cause commands to fail in subsequent releases.
#@ # 
#@ #set sh_command_abbrev_mode "Command-Line-Only"
#@ 
#@ #
#@ # Some useful aliases
#@ #
#@ alias list_commands		help
#@ 
#@ #
#@ # The alias of q to quit is commented out.  Remove the comment 
#@ # character if you want this alias.  Some users find that having 
#@ # this particular alias causes problems when mixed with page-mode
#@ # for reports - an accidental repeated 'q' not only cancels the
#@ # output but exits the tool.
#@ #
#@ #alias q quit
#@ # -- End source /eda/synopsys/fm/V-2023.12/admin/setup/.synopsys_fm.setup

gui_start
start_gui
set cdf_gen_file 20027.fm.cdf;
source /eda/synopsys/fm/V-2023.12/auxx/gui/fm/.convertFmCmd2Tcl.tcl
#@ # -- Starting source /eda/synopsys/fm/V-2023.12/auxx/gui/fm/.convertFmCmd2Tcl.tcl

#@ 
#@ ##--- Final output command definition file for "Formality Commands"
#@ 
#@ ## Guard
#@ if {![info exists cdf_gen_file]} {
#@   echo "Error: fm_shell cannot generate cdf file. Check if GUI version is compatible.";
#@ }
#@ set ::fmcdf    $cdf_gen_file
#@ 
#@ set ::fmgroup "Formality Commands"
#@ set ::gpFile $::fmcdf.gpfile
#@ 
#@ # Get all groups
#@ set result [help -groups > $::gpFile]
#@ set fp [open $::gpFile r]
#@ set ::gp_file_data [read $fp]
#@ close $fp
#@ 
#@ ##-! Get each command
#@ proc get_command_def _cmd {
#@    set cmd [string trim $_cmd]
#@    if { [string compare $cmd ""] != 0 } {
#@       if { [string compare $cmd "_version"] != 0 } {
#@       #echo "Definiton: $cmd"
#@       set defn [get_defined_commands -detail $cmd]
#@       set defn [regsub -all \n $defn ""]
#@       #echo defn=$defn
#@       puts  $::allCmds $defn
#@       }
#@    }
#@ }
#@ 
#@ ##-! Generate cmds for a group
#@ proc get_command_from_gp _group {
#@    set group [string trim $_group]
#@    set gcmdfile $::fmcdf.$group
#@ 
#@    ##========== or use redirect $gcmdfile {help "$group"}
#@    set cresult [help "$group" > $gcmdfile]
#@ 
#@    ##==========
#@    set pfi [open $gcmdfile "r"]
#@    while {1 == 1} {
#@     set cnt [gets $pfi row]
#@     if {$cnt < 0} {break} ; ## Check if eof
#@     set word [lindex [split $row "#"] 0]  ; # find_compare_points # comments...
#@     #puts $allCmds $word
#@     # strip header
#@     set header "$group: "
#@     if { $word != $header } {
#@         get_command_def $word
#@     }
#@    }
#@    close $pfi
#@    ##==========
#@ 
#@    # Clean up
#@    file delete -force  $gcmdfile
#@ }
#@ 
#@ #-!  Process data file
#@ #================================
#@ set ::allCmds [open $::fmcdf "w"]
#@ set gp [split $::gp_file_data "\n"]
#@ foreach group $gp {
#@      # do some line processing here
#@     if { $group == $::fmgroup } {
#@        # echo *** Generate cmd from group \"$group\"
#@        get_command_from_gp $group
#@     } else {
#@        # echo Other cmd group $group
#@     }
#@ }
#@ close $::allCmds
#@ file delete -force  $::gpFile
#@ # -- End source /eda/synopsys/fm/V-2023.12/auxx/gui/fm/.convertFmCmd2Tcl.tcl

set synopsys_auto_setup true
set_svf -append { /home/vlsi/Desktop/I2C/syn/default.svf } 
read_verilog -container r -libname WORK -05 { /home/vlsi/Desktop/I2C/rtl/i2c_master_bit_ctrl.v /home/vlsi/Desktop/I2C/rtl/i2c_master_byte_ctrl.v /home/vlsi/Desktop/I2C/rtl/i2c_master_defines.v /home/vlsi/Desktop/I2C/rtl/i2c_master_top.v /home/vlsi/Desktop/I2C/rtl/timescale.v } 
set_top r:/WORK/i2c_master_top 
read_verilog -container i -libname WORK -05 { /home/vlsi/Desktop/I2C/syn/output/i2c_master_top.v } 
read_db { /home/vlsi/Desktop/I2C/standardCell/SAED90nm_EDK_10072017/SAED90_EDK/SAED_EDK90nm/Digital_Standard_cell_Library/synopsys/models/saed90nm_max_lth.db } 
set_top i:/WORK/i2c_master_top 
match 
verify 
